{"level":"info","message":"Course added: {\"id\":2,\"title\":\"New One For Try\",\"description\":\"Let just check it is work\",\"modules\":[{\"title\":\"Modul 1\",\"lessons\":[{\"title\":\"Lessons 1\",\"description\":\"Desc\",\"topics\":[\"Topic 1\",\"Topic 2\"],\"content\":[{\"type\":\"text\",\"data\":\"content lorem ipsum\"}]}]}]}","timestamp":"2024-10-31T15:08:04.666Z"}
{"level":"info","message":"Course deleted: 2","timestamp":"2024-10-31T15:14:26.418Z"}
{"level":"info","message":"Request: GET /api-docs/","timestamp":"2024-11-01T12:51:08.690Z"}
{"level":"info","message":"Request: GET /api-docs/swagger-ui.css","timestamp":"2024-11-01T12:51:08.718Z"}
{"level":"info","message":"Request: GET /api-docs/swagger-ui-bundle.js","timestamp":"2024-11-01T12:51:08.722Z"}
{"level":"info","message":"Request: GET /api-docs/swagger-ui-standalone-preset.js","timestamp":"2024-11-01T12:51:08.729Z"}
{"level":"info","message":"Request: GET /api-docs/swagger-ui-init.js","timestamp":"2024-11-01T12:51:08.732Z"}
{"level":"info","message":"Request: GET /api/courses","timestamp":"2024-11-01T12:51:22.369Z"}
{"level":"info","message":"Request: GET /api/courses","timestamp":"2024-11-01T12:51:53.491Z"}
{"level":"info","message":"Request: GET /api/courses","timestamp":"2024-11-01T12:53:29.799Z"}
{"level":"info","message":"Request: GET /api/courses","timestamp":"2024-11-01T12:55:44.184Z"}
{"level":"info","message":"Request: GET /api/courses","timestamp":"2024-11-01T12:59:33.006Z"}
{"level":"info","message":"Request: GET /api-docs/","timestamp":"2024-11-01T13:01:09.967Z"}
{"level":"info","message":"Request: GET /api-docs/swagger-ui.css","timestamp":"2024-11-01T13:01:09.990Z"}
{"level":"info","message":"Request: GET /api-docs/swagger-ui-bundle.js","timestamp":"2024-11-01T13:01:09.992Z"}
{"level":"info","message":"Request: GET /api-docs/swagger-ui-standalone-preset.js","timestamp":"2024-11-01T13:01:09.994Z"}
{"level":"info","message":"Request: GET /api-docs/swagger-ui-init.js","timestamp":"2024-11-01T13:01:09.995Z"}
{"level":"info","message":"Request: GET /api-docs/favicon-32x32.png","timestamp":"2024-11-01T13:01:10.125Z"}
{"level":"info","message":"Request: GET /api-docs/","timestamp":"2024-11-01T13:01:12.790Z"}
{"level":"info","message":"Request: GET /api-docs/swagger-ui.css","timestamp":"2024-11-01T13:01:12.802Z"}
{"level":"info","message":"Request: GET /api-docs/swagger-ui-bundle.js","timestamp":"2024-11-01T13:01:12.805Z"}
{"level":"info","message":"Request: GET /api-docs/swagger-ui-standalone-preset.js","timestamp":"2024-11-01T13:01:12.806Z"}
{"level":"info","message":"Request: GET /api-docs/swagger-ui-init.js","timestamp":"2024-11-01T13:01:12.806Z"}
{"level":"info","message":"Request: GET /api-docs/favicon-32x32.png","timestamp":"2024-11-01T13:01:12.849Z"}
{"level":"info","message":"Request: GET /api-docs/","timestamp":"2024-11-01T13:01:12.960Z"}
{"level":"info","message":"Request: GET /api-docs/swagger-ui.css","timestamp":"2024-11-01T13:01:12.968Z"}
{"level":"info","message":"Request: GET /api-docs/swagger-ui-bundle.js","timestamp":"2024-11-01T13:01:12.969Z"}
{"level":"info","message":"Request: GET /api-docs/swagger-ui-standalone-preset.js","timestamp":"2024-11-01T13:01:12.970Z"}
{"level":"info","message":"Request: GET /api-docs/swagger-ui-init.js","timestamp":"2024-11-01T13:01:12.970Z"}
{"level":"info","message":"Request: GET /api-docs/favicon-32x32.png","timestamp":"2024-11-01T13:01:13.008Z"}
{"level":"info","message":"Request: GET /api-docs/swagger-ui.css","timestamp":"2024-11-01T13:01:16.998Z"}
{"level":"info","message":"Request: GET /api-docs/swagger-ui.css.map","timestamp":"2024-11-01T13:01:17.308Z"}
{"level":"info","message":"Request: GET /api-docs/","timestamp":"2024-11-01T13:01:18.755Z"}
{"level":"info","message":"Request: GET /api-docs/swagger-ui-bundle.js","timestamp":"2024-11-01T13:01:18.765Z"}
{"level":"info","message":"Request: GET /api-docs/swagger-ui.css","timestamp":"2024-11-01T13:01:18.765Z"}
{"level":"info","message":"Request: GET /api-docs/swagger-ui-standalone-preset.js","timestamp":"2024-11-01T13:01:18.767Z"}
{"level":"info","message":"Request: GET /api-docs/swagger-ui-init.js","timestamp":"2024-11-01T13:01:18.768Z"}
{"level":"info","message":"Request: GET /api-docs/swagger-ui.css.map","timestamp":"2024-11-01T13:01:18.993Z"}
{"level":"info","message":"Request: GET /api-docs/favicon-32x32.png","timestamp":"2024-11-01T13:01:19.041Z"}
{"level":"info","message":"Request: GET /api/courses","timestamp":"2024-11-01T13:01:44.481Z"}
{"level":"info","message":"Request: GET /api-docs/","timestamp":"2024-11-01T13:03:38.641Z"}
{"level":"info","message":"Request: GET /api-docs/swagger-ui-bundle.js","timestamp":"2024-11-01T13:03:38.659Z"}
{"level":"info","message":"Request: GET /api-docs/swagger-ui.css","timestamp":"2024-11-01T13:03:38.660Z"}
{"level":"info","message":"Request: GET /api-docs/swagger-ui-init.js","timestamp":"2024-11-01T13:03:38.665Z"}
{"level":"info","message":"Request: GET /api-docs/swagger-ui-standalone-preset.js","timestamp":"2024-11-01T13:03:38.666Z"}
{"level":"info","message":"Request: GET /api-docs/","timestamp":"2024-11-01T13:03:43.205Z"}
{"level":"info","message":"Request: GET /api-docs/swagger-ui.css","timestamp":"2024-11-01T13:03:43.255Z"}
{"level":"info","message":"Request: GET /api-docs/swagger-ui-bundle.js","timestamp":"2024-11-01T13:03:43.260Z"}
{"level":"info","message":"Request: GET /api-docs/swagger-ui-standalone-preset.js","timestamp":"2024-11-01T13:03:43.261Z"}
{"level":"info","message":"Request: GET /api-docs/swagger-ui-init.js","timestamp":"2024-11-01T13:03:43.262Z"}
{"level":"info","message":"Request: GET /api-docs/favicon-32x32.png","timestamp":"2024-11-01T13:03:43.426Z"}
{"level":"info","message":"Request: GET /api-docs/favicon-32x32.png","timestamp":"2024-11-01T13:03:44.444Z"}
{"level":"info","message":"Request: GET /api/courses","timestamp":"2024-11-01T13:03:48.788Z"}
{"level":"info","message":"Request: GET /api/courses","timestamp":"2024-11-01T15:15:46.848Z"}
{"level":"info","message":"Courses fetched ","timestamp":"2024-11-01T15:15:46.855Z"}
{"level":"info","message":"Request: GET /api/modules","timestamp":"2024-11-01T15:16:09.434Z"}
{"level":"error","message":"Error fetching module: Could not read modules data","timestamp":"2024-11-01T15:16:09.441Z"}
{"level":"info","message":"Request: GET /api/modules","timestamp":"2024-11-01T15:19:28.562Z"}
{"level":"info","message":"Module fetched ","timestamp":"2024-11-01T15:19:28.571Z"}
{"level":"info","message":"Request: POST /api/modules","timestamp":"2024-11-01T15:21:16.433Z"}
{"level":"info","message":"Request: POST /api/module","timestamp":"2024-11-01T15:21:27.392Z"}
{"level":"error","message":"Validation error: \"value\" must be of type object","timestamp":"2024-11-01T15:21:27.398Z"}
{"level":"info","message":"Request: POST /api/module","timestamp":"2024-11-01T15:23:09.748Z"}
{"level":"error","message":"Validation error: \"value\" must be of type object","timestamp":"2024-11-01T15:23:09.753Z"}
{"level":"info","message":"Request: POST /api/module","timestamp":"2024-11-01T15:23:22.795Z"}
{"level":"info","message":"Course added: {\"title\":\"JavaScript Basics\",\"lessons\":[{\"title\":\"Variables and Data Types\",\"description\":\"Learn about JavaScript variables and data types\",\"topics\":[\"var, let, const\",\"Primitive types\",\"Type conversion\"],\"content\":[{\"type\":\"text\",\"data\":\"In JavaScript, variables are containers for storing data values.\"},{\"type\":\"video\",\"data\":\"https://example.com/js-variables-video\"}]},{\"title\":\"Control Structures\",\"description\":\"Explore loops and conditional statements\",\"topics\":[\"if/else statements\",\"for and while loops\",\"switch case\"],\"content\":[{\"type\":\"text\",\"data\":\"Control structures are used to manage the flow of a program.\"}]}]}","timestamp":"2024-11-01T15:23:22.802Z"}
{"level":"info","message":"Request: POST /api/module/JavaScript%20Basics","timestamp":"2024-11-01T15:27:05.598Z"}
{"level":"info","message":"Request: PUT /api/module/JavaScript%20Basics","timestamp":"2024-11-01T15:28:20.594Z"}
{"level":"info","message":"Course updated: {\"title\":\"JavaScript Basics Updated\",\"lessons\":[{\"title\":\"Updated Lesson Title\",\"description\":\"Learn about JavaScript variables and data types\",\"topics\":[\"var, let, const\",\"Primitive types\",\"Type conversion\"],\"content\":[{\"type\":\"text\",\"data\":\"In JavaScript, variables are containers for storing data values.\"},{\"type\":\"video\",\"data\":\"https://example.com/js-variables-video\"}]}]}","timestamp":"2024-11-01T15:28:20.600Z"}
{"level":"info","message":"Request: DELETE /api/module/JavaScript%20Basics","timestamp":"2024-11-01T15:28:53.361Z"}
{"level":"info","message":"Course deleted: JavaScript Basics","timestamp":"2024-11-01T15:28:53.366Z"}
{"level":"info","message":"Request: GET /api/modules","timestamp":"2024-11-01T15:29:15.733Z"}
{"level":"info","message":"Module fetched ","timestamp":"2024-11-01T15:29:15.738Z"}
{"level":"info","message":"Request: PUT /api/module/JavaScript%20Basics%20Updated","timestamp":"2024-11-01T16:49:38.900Z"}
{"level":"info","message":"Course updated: {\"title\":\"JavaScript Basics Updated v2\",\"lessons\":[{\"title\":\"Updated Lesson Title\",\"description\":\"Learn about JavaScript variables and data types\",\"topics\":[\"var, let, const\",\"Primitive types\",\"Type conversion\"],\"content\":[{\"type\":\"text\",\"data\":\"In JavaScript, variables are containers for storing data values.\"},{\"type\":\"video\",\"data\":\"https://example.com/js-variables-video\"}]}]}","timestamp":"2024-11-01T16:49:38.907Z"}
{"level":"info","message":"Request: PUT /api/module/JavaScript%20Basics%20Updated%20v2","timestamp":"2024-11-01T16:53:11.349Z"}
{"level":"info","message":"Course updated: {\"title\":\"JavaScript Basics Updated v3\",\"lessons\":[{\"title\":\"Updated Lesson Title\",\"description\":\"Learn about JavaScript variables and data types\",\"topics\":[\"var, let, const\",\"Primitive types\",\"Type conversion\"],\"content\":[{\"type\":\"text\",\"data\":\"In JavaScript, variables are containers for storing data values.\"},{\"type\":\"video\",\"data\":\"https://example.com/js-variables-video\"}]}]}","timestamp":"2024-11-01T16:53:11.357Z"}
{"level":"info","message":"Request: PUT /api/module/JavaScript%20Basics%20Updated%20v3","timestamp":"2024-11-01T16:53:44.817Z"}
{"level":"info","message":"Course updated: {\"title\":\"JavaScript Basics Updated v4\",\"lessons\":[{\"title\":\"Updated Lesson Title\",\"description\":\"Learn about JavaScript variables and data types\",\"topics\":[\"var, let, const\",\"Primitive types\",\"Type conversion\"],\"content\":[{\"type\":\"text\",\"data\":\"In JavaScript, variables are containers for storing data values.\"},{\"type\":\"video\",\"data\":\"https://example.com/js-variables-video\"}]}]}","timestamp":"2024-11-01T16:53:44.826Z"}
{"level":"info","message":"Request: PUT /api/module/JavaScript%20Basics%20Updated%20v4","timestamp":"2024-11-01T16:55:26.396Z"}
{"level":"info","message":"Course updated: {\"title\":\"JavaScript Basics Updated\",\"lessons\":[{\"title\":\"Updated Lesson Title\",\"description\":\"Learn about JavaScript variables and data types\",\"topics\":[\"var, let, const\",\"Primitive types\",\"Type conversion\"],\"content\":[{\"type\":\"text\",\"data\":\"In JavaScript, variables are containers for storing data values.\"},{\"type\":\"video\",\"data\":\"https://example.com/js-variables-video\"}]}]}","timestamp":"2024-11-01T16:55:26.406Z"}
{"level":"info","message":"Request: GET /api-docs/","timestamp":"2024-11-01T17:26:33.568Z"}
{"level":"info","message":"Request: GET /api-docs/swagger-ui.css","timestamp":"2024-11-01T17:26:33.591Z"}
{"level":"info","message":"Request: GET /api-docs/swagger-ui-bundle.js","timestamp":"2024-11-01T17:26:33.593Z"}
{"level":"info","message":"Request: GET /api-docs/swagger-ui-init.js","timestamp":"2024-11-01T17:26:33.596Z"}
{"level":"info","message":"Request: GET /api-docs/swagger-ui-standalone-preset.js","timestamp":"2024-11-01T17:26:33.602Z"}
{"level":"info","message":"Request: GET /api/lessons","timestamp":"2024-11-01T17:27:01.950Z"}
{"level":"info","message":"Request: GET /api-docs/","timestamp":"2024-11-01T17:27:37.466Z"}
{"level":"info","message":"Request: GET /api-docs/swagger-ui-bundle.js","timestamp":"2024-11-01T17:27:37.485Z"}
{"level":"info","message":"Request: GET /api-docs/swagger-ui.css","timestamp":"2024-11-01T17:27:37.486Z"}
{"level":"info","message":"Request: GET /api-docs/swagger-ui-init.js","timestamp":"2024-11-01T17:27:37.489Z"}
{"level":"info","message":"Request: GET /api-docs/swagger-ui-standalone-preset.js","timestamp":"2024-11-01T17:27:37.490Z"}
{"level":"info","message":"Request: GET /api-docs/favicon-32x32.png","timestamp":"2024-11-01T17:27:37.642Z"}
{"level":"info","message":"Request: GET /api/lessons","timestamp":"2024-11-01T17:27:41.881Z"}
{"level":"info","message":"Request: GET /api-docs/","timestamp":"2024-11-01T17:29:01.945Z"}
{"level":"info","message":"Request: GET /api-docs/swagger-ui-bundle.js","timestamp":"2024-11-01T17:29:02.005Z"}
{"level":"info","message":"Request: GET /api-docs/swagger-ui.css","timestamp":"2024-11-01T17:29:02.007Z"}
{"level":"info","message":"Request: GET /api-docs/swagger-ui-standalone-preset.js","timestamp":"2024-11-01T17:29:02.013Z"}
{"level":"info","message":"Request: GET /api-docs/swagger-ui-init.js","timestamp":"2024-11-01T17:29:02.015Z"}
{"level":"info","message":"Request: GET /api-docs/","timestamp":"2024-11-01T17:31:04.274Z"}
{"level":"info","message":"Request: GET /api-docs/swagger-ui.css","timestamp":"2024-11-01T17:31:04.352Z"}
{"level":"info","message":"Request: GET /api-docs/swagger-ui-init.js","timestamp":"2024-11-01T17:31:04.353Z"}
{"level":"info","message":"Request: GET /api-docs/swagger-ui-bundle.js","timestamp":"2024-11-01T17:31:04.358Z"}
{"level":"info","message":"Request: GET /api-docs/swagger-ui-standalone-preset.js","timestamp":"2024-11-01T17:31:04.360Z"}
{"level":"info","message":"Request: GET /api/lessons","timestamp":"2024-11-01T17:31:12.507Z"}
{"level":"info","message":"Request: GET /api-docs/","timestamp":"2024-11-01T17:33:44.851Z"}
{"level":"info","message":"Request: GET /api-docs/swagger-ui.css","timestamp":"2024-11-01T17:33:44.877Z"}
{"level":"info","message":"Request: GET /api-docs/swagger-ui-bundle.js","timestamp":"2024-11-01T17:33:44.879Z"}
{"level":"info","message":"Request: GET /api-docs/swagger-ui-standalone-preset.js","timestamp":"2024-11-01T17:33:44.885Z"}
{"level":"info","message":"Request: GET /api-docs/swagger-ui-init.js","timestamp":"2024-11-01T17:33:44.887Z"}
{"level":"info","message":"Request: GET /api/courses","timestamp":"2024-11-01T17:33:51.559Z"}
{"level":"info","message":"Courses fetched ","timestamp":"2024-11-01T17:33:51.563Z"}
{"level":"info","message":"Request: GET /api/lessons","timestamp":"2024-11-01T17:34:16.410Z"}
{"level":"info","message":"Request: GET /api/lessons","timestamp":"2024-11-01T17:34:43.461Z"}
{"level":"info","message":"Request: GET /api/modules","timestamp":"2024-11-01T17:35:11.270Z"}
{"level":"info","message":"Module fetched ","timestamp":"2024-11-01T17:35:11.274Z"}
{"level":"info","message":"Request: GET /api-docs/","timestamp":"2024-11-01T17:38:46.641Z"}
{"level":"info","message":"Request: GET /api-docs/swagger-ui.css","timestamp":"2024-11-01T17:38:46.664Z"}
{"level":"info","message":"Request: GET /api-docs/swagger-ui-bundle.js","timestamp":"2024-11-01T17:38:46.669Z"}
{"level":"info","message":"Request: GET /api-docs/swagger-ui-standalone-preset.js","timestamp":"2024-11-01T17:38:46.674Z"}
{"level":"info","message":"Request: GET /api-docs/swagger-ui-init.js","timestamp":"2024-11-01T17:38:46.682Z"}
{"level":"info","message":"Request: GET /api/modules","timestamp":"2024-11-01T17:38:59.644Z"}
{"level":"info","message":"Module fetched ","timestamp":"2024-11-01T17:38:59.647Z"}
{"level":"info","message":"Request: GET /api/lessons","timestamp":"2024-11-01T17:39:12.815Z"}
{"level":"info","message":"Request: GET /api/lessons","timestamp":"2024-11-01T17:40:19.792Z"}
{"level":"info","message":"Request: GET /api/lessons","timestamp":"2024-11-01T17:40:25.819Z"}
{"level":"info","message":"Request: GET /api/lessons","timestamp":"2024-11-01T17:41:35.150Z"}
{"level":"error","message":"Error  while fetching lesson: Could not read lessons data","timestamp":"2024-11-01T17:41:35.158Z"}
{"level":"info","message":"Request: GET /api-docs/","timestamp":"2024-11-01T19:23:44.766Z"}
{"level":"info","message":"Request: GET /api-docs/swagger-ui.css","timestamp":"2024-11-01T19:23:44.796Z"}
{"level":"info","message":"Request: GET /api-docs/swagger-ui-bundle.js","timestamp":"2024-11-01T19:23:44.807Z"}
{"level":"info","message":"Request: GET /api-docs/swagger-ui-standalone-preset.js","timestamp":"2024-11-01T19:23:44.850Z"}
{"level":"info","message":"Request: GET /api-docs/swagger-ui-init.js","timestamp":"2024-11-01T19:23:44.852Z"}
{"level":"info","message":"Request: GET /api/lessons","timestamp":"2024-11-01T19:24:12.586Z"}
{"level":"info","message":"Lesson fetched ","timestamp":"2024-11-01T19:24:12.589Z"}
{"level":"info","message":"Fetching Lesson","timestamp":"2024-11-01T19:24:12.590Z"}
{"level":"info","message":"Request: GET /api/courses","timestamp":"2024-11-01T19:25:06.144Z"}
{"level":"info","message":"Courses fetched ","timestamp":"2024-11-01T19:25:06.146Z"}
{"level":"info","message":"Fetching course","timestamp":"2024-11-01T19:25:06.147Z"}
{"level":"info","message":"Request: GET /api-docs/","timestamp":"2024-11-01T19:30:29.418Z"}
{"level":"info","message":"Request: GET /api-docs/swagger-ui.css","timestamp":"2024-11-01T19:30:29.438Z"}
{"level":"info","message":"Request: GET /api-docs/swagger-ui-standalone-preset.js","timestamp":"2024-11-01T19:30:29.439Z"}
{"level":"info","message":"Request: GET /api-docs/swagger-ui-init.js","timestamp":"2024-11-01T19:30:29.444Z"}
{"level":"info","message":"Request: GET /api-docs/swagger-ui-bundle.js","timestamp":"2024-11-01T19:30:29.453Z"}
{"level":"info","message":"Request: POST /api/course","timestamp":"2024-11-01T19:32:19.908Z"}
{"level":"error","message":"Validation error: \"modules[0].lessons[0].title\" is required","timestamp":"2024-11-01T19:32:19.914Z"}
{"level":"error","message":"Error adding course: Validation error: \"modules[0].lessons[0].title\" is required","timestamp":"2024-11-01T19:32:19.916Z"}
{"level":"info","message":"Request: POST /api/course","timestamp":"2024-11-01T19:32:21.896Z"}
{"level":"error","message":"Validation error: \"modules[0].lessons[0].title\" is required","timestamp":"2024-11-01T19:32:21.897Z"}
{"level":"error","message":"Error adding course: Validation error: \"modules[0].lessons[0].title\" is required","timestamp":"2024-11-01T19:32:21.898Z"}
{"level":"info","message":"Request: POST /api/course","timestamp":"2024-11-01T19:32:23.350Z"}
{"level":"error","message":"Validation error: \"modules[0].lessons[0].title\" is required","timestamp":"2024-11-01T19:32:23.352Z"}
{"level":"error","message":"Error adding course: Validation error: \"modules[0].lessons[0].title\" is required","timestamp":"2024-11-01T19:32:23.353Z"}
{"level":"info","message":"Request: GET /api-docs/","timestamp":"2024-11-01T19:33:22.961Z"}
{"level":"info","message":"Request: GET /api-docs/swagger-ui.css","timestamp":"2024-11-01T19:33:22.988Z"}
{"level":"info","message":"Request: GET /api-docs/swagger-ui-bundle.js","timestamp":"2024-11-01T19:33:22.990Z"}
{"level":"info","message":"Request: GET /api-docs/swagger-ui-standalone-preset.js","timestamp":"2024-11-01T19:33:23.001Z"}
{"level":"info","message":"Request: GET /api-docs/swagger-ui-init.js","timestamp":"2024-11-01T19:33:23.002Z"}
{"level":"info","message":"Request: POST /api/course","timestamp":"2024-11-01T19:33:32.453Z"}
{"level":"error","message":"Validation error: \"modules[0].lessons[0].title\" is required","timestamp":"2024-11-01T19:33:32.457Z"}
{"level":"error","message":"Error adding course: Validation error: \"modules[0].lessons[0].title\" is required","timestamp":"2024-11-01T19:33:32.458Z"}
{"level":"info","message":"Request: POST /api/course","timestamp":"2024-11-01T19:34:23.209Z"}
{"level":"info","message":"Course added: {\"id\":2,\"title\":\"Introduction to Backend Development\",\"description\":\"Explore the world of backend development with Node.js and Express.\",\"modules\":[{\"title\":\"Node.js Basics\",\"lessons\":[{\"title\":\"Understanding HTML Structure\",\"description\":\"Learn about HTML tags and document structure\",\"topics\":[\"HTML tags\",\"Document structure\",\"Semantic HTML\"],\"content\":[{\"type\":\"text\",\"data\":\"HTML (HyperText Markup Language) is the standard markup language for documents designed to be displayed in a web browser.\"},{\"type\":\"video\",\"data\":\"https://example.com/intro-to-html-video\"}]}]}]}","timestamp":"2024-11-01T19:34:23.214Z"}
{"level":"info","message":"Adding course: {\"id\":2,\"title\":\"Introduction to Backend Development\",\"description\":\"Explore the world of backend development with Node.js and Express.\",\"modules\":[{\"title\":\"Node.js Basics\",\"lessons\":[{\"title\":\"Understanding HTML Structure\",\"description\":\"Learn about HTML tags and document structure\",\"topics\":[\"HTML tags\",\"Document structure\",\"Semantic HTML\"],\"content\":[{\"type\":\"text\",\"data\":\"HTML (HyperText Markup Language) is the standard markup language for documents designed to be displayed in a web browser.\"},{\"type\":\"video\",\"data\":\"https://example.com/intro-to-html-video\"}]}]}]}","timestamp":"2024-11-01T19:34:23.214Z"}
{"level":"info","message":"Request: GET /api/courses","timestamp":"2024-11-01T19:35:36.943Z"}
{"level":"info","message":"Courses fetched ","timestamp":"2024-11-01T19:35:36.947Z"}
{"level":"info","message":"Fetching course","timestamp":"2024-11-01T19:35:36.947Z"}
{"level":"info","message":"Request: GET /api-docs/","timestamp":"2024-11-01T19:38:32.240Z"}
{"level":"info","message":"Request: GET /api-docs/swagger-ui.css","timestamp":"2024-11-01T19:38:32.262Z"}
{"level":"info","message":"Request: GET /api-docs/swagger-ui-standalone-preset.js","timestamp":"2024-11-01T19:38:32.263Z"}
{"level":"info","message":"Request: GET /api-docs/swagger-ui-init.js","timestamp":"2024-11-01T19:38:32.267Z"}
{"level":"info","message":"Request: GET /api-docs/swagger-ui-bundle.js","timestamp":"2024-11-01T19:38:32.271Z"}
{"level":"info","message":"Request: GET /api/courses","timestamp":"2024-11-01T19:38:39.830Z"}
{"level":"info","message":"Courses fetched ","timestamp":"2024-11-01T19:38:39.833Z"}
{"level":"info","message":"Fetching course","timestamp":"2024-11-01T19:38:39.833Z"}
{"level":"info","message":"Request: GET /api-docs/","timestamp":"2024-11-01T19:45:08.167Z"}
{"level":"info","message":"Request: GET /api-docs/swagger-ui.css","timestamp":"2024-11-01T19:45:08.227Z"}
{"level":"info","message":"Request: GET /api-docs/swagger-ui-bundle.js","timestamp":"2024-11-01T19:45:08.229Z"}
{"level":"info","message":"Request: GET /api-docs/swagger-ui-standalone-preset.js","timestamp":"2024-11-01T19:45:08.233Z"}
{"level":"info","message":"Request: GET /api-docs/swagger-ui-init.js","timestamp":"2024-11-01T19:45:08.234Z"}
{"level":"info","message":"Request: PUT /api/course/2","timestamp":"2024-11-01T19:47:11.302Z"}
{"level":"info","message":"Course updated: {\"id\":2,\"title\":\"Introduction to Backend Development\",\"description\":\"Explore the world of backend development with Node.js and Express.\",\"modules\":[{\"title\":\"Node.js Basics\",\"lessons\":[{\"title\":\"Understanding HTML Structure\",\"description\":\"Learn about HTML tags and document structure\",\"topics\":[\"HTML tags\",\"Document structure\",\"Semantic HTML\"],\"content\":[{\"type\":\"text\",\"data\":\"HTML (HyperText Markup Language) is the standard markup language for documents designed to be displayed in a web browser.\"},{\"type\":\"video\",\"data\":\"https://example.com/intro-to-html-video\"}]}]}]}","timestamp":"2024-11-01T19:47:11.309Z"}
{"level":"info","message":"Updating course: {\"id\":2,\"title\":\"Introduction to Backend Development\",\"description\":\"Explore the world of backend development with Node.js and Express.\",\"modules\":[{\"title\":\"Node.js Basics\",\"lessons\":[{\"title\":\"Understanding HTML Structure\",\"description\":\"Learn about HTML tags and document structure\",\"topics\":[\"HTML tags\",\"Document structure\",\"Semantic HTML\"],\"content\":[{\"type\":\"text\",\"data\":\"HTML (HyperText Markup Language) is the standard markup language for documents designed to be displayed in a web browser.\"},{\"type\":\"video\",\"data\":\"https://example.com/intro-to-html-video\"}]}]}]}","timestamp":"2024-11-01T19:47:11.309Z"}
{"level":"info","message":"Request: DELETE /api/course/2","timestamp":"2024-11-01T19:47:48.584Z"}
{"level":"info","message":"Course deleted: 2","timestamp":"2024-11-01T19:47:48.588Z"}
{"level":"info","message":"Deleting course: true","timestamp":"2024-11-01T19:47:48.588Z"}
{"level":"info","message":"Request: GET /api/courses","timestamp":"2024-11-01T19:47:59.636Z"}
{"level":"info","message":"Courses fetched ","timestamp":"2024-11-01T19:47:59.638Z"}
{"level":"info","message":"Fetching course","timestamp":"2024-11-01T19:47:59.638Z"}
{"level":"info","message":"Request: GET /api-docs/","timestamp":"2024-11-01T20:02:08.173Z"}
{"level":"info","message":"Request: GET /api-docs/swagger-ui.css","timestamp":"2024-11-01T20:02:08.212Z"}
{"level":"info","message":"Request: GET /api-docs/swagger-ui-bundle.js","timestamp":"2024-11-01T20:02:08.217Z"}
{"level":"info","message":"Request: GET /api-docs/swagger-ui-standalone-preset.js","timestamp":"2024-11-01T20:02:08.218Z"}
{"level":"info","message":"Request: GET /api-docs/swagger-ui-init.js","timestamp":"2024-11-01T20:02:08.220Z"}
{"level":"info","message":"Request: GET /api/lessons","timestamp":"2024-11-01T20:02:23.468Z"}
{"level":"info","message":"Lesson fetched ","timestamp":"2024-11-01T20:02:23.471Z"}
{"level":"info","message":"Fetching Lesson","timestamp":"2024-11-01T20:02:23.472Z"}
{"level":"info","message":"Request: PUT /api/lesson/Understanding%20HTML%20Structure","timestamp":"2024-11-01T20:04:21.845Z"}
{"level":"info","message":"Lesson updated: {\"title\":\"Understanding HTML Structure v2\",\"description\":\"Learn about HTML tags and document structure\",\"topics\":[\"HTML tags\",\"Document structure\",\"Semantic HTML\"],\"content\":[{\"type\":\"text\",\"data\":\"HTML (HyperText Markup Language) is the standard markup language for documents designed to be displayed in a web browser.\"},{\"type\":\"video\",\"data\":\"https://example.com/intro-to-html-video\"}]}","timestamp":"2024-11-01T20:04:21.853Z"}
{"level":"info","message":"Request: GET /api-docs/","timestamp":"2024-11-01T20:22:53.750Z"}
{"level":"info","message":"Request: GET /api-docs/swagger-ui.css","timestamp":"2024-11-01T20:22:53.799Z"}
{"level":"info","message":"Request: GET /api-docs/swagger-ui-standalone-preset.js","timestamp":"2024-11-01T20:22:53.801Z"}
{"level":"info","message":"Request: GET /api-docs/swagger-ui-bundle.js","timestamp":"2024-11-01T20:22:53.805Z"}
{"level":"info","message":"Request: GET /api-docs/swagger-ui-init.js","timestamp":"2024-11-01T20:22:53.806Z"}
{"level":"info","message":"Request: GET /api/modules","timestamp":"2024-11-01T20:23:10.508Z"}
{"level":"info","message":"Module fetched ","timestamp":"2024-11-01T20:23:10.511Z"}
{"level":"info","message":"Course added: {\"id\":1,\"title\":\"Introduction to Web Development\",\"description\":\"Learn web development fundamentals.\",\"modules\":[]}","timestamp":"2024-11-01T21:20:20.385Z"}
{"level":"info","message":"Course added: {\"id\":1,\"title\":\"Introduction to Web Development\",\"description\":\"Learn web development fundamentals.\",\"modules\":[]}","timestamp":"2024-11-01T21:20:20.426Z"}
{"level":"info","message":"Courses fetched ","timestamp":"2024-11-01T21:20:20.432Z"}
{"level":"info","message":"Course added: {\"id\":1,\"title\":\"Introduction to Web Development\",\"description\":\"Learn web development fundamentals.\",\"modules\":[]}","timestamp":"2024-11-01T21:20:20.450Z"}
{"level":"info","message":"Course deleted: 1","timestamp":"2024-11-01T21:20:20.457Z"}
{"level":"info","message":"Courses fetched ","timestamp":"2024-11-01T21:20:20.469Z"}
{"level":"info","message":"Request: POST /courses","timestamp":"2024-11-01T21:20:21.061Z"}
{"level":"info","message":"Request: POST /courses","timestamp":"2024-11-01T21:20:21.072Z"}
{"level":"info","message":"Request: GET /courses","timestamp":"2024-11-01T21:20:21.074Z"}
{"level":"info","message":"Request: POST /courses","timestamp":"2024-11-01T21:20:21.078Z"}
{"level":"info","message":"Request: DELETE /courses/1","timestamp":"2024-11-01T21:20:21.080Z"}
{"level":"info","message":"Request: POST /courses","timestamp":"2024-11-01T21:22:35.759Z"}
{"level":"info","message":"Request: POST /courses","timestamp":"2024-11-01T21:22:35.776Z"}
{"level":"info","message":"Request: GET /courses","timestamp":"2024-11-01T21:22:35.783Z"}
{"level":"info","message":"Request: POST /courses","timestamp":"2024-11-01T21:22:35.795Z"}
{"level":"info","message":"Request: DELETE /courses/1","timestamp":"2024-11-01T21:22:35.802Z"}
{"level":"info","message":"Course added: {\"id\":1,\"title\":\"Introduction to Web Development\",\"description\":\"Learn web development fundamentals.\",\"modules\":[]}","timestamp":"2024-11-01T21:22:36.140Z"}
{"level":"info","message":"Course added: {\"id\":1,\"title\":\"Introduction to Web Development\",\"description\":\"Learn web development fundamentals.\",\"modules\":[]}","timestamp":"2024-11-01T21:22:36.147Z"}
{"level":"info","message":"Courses fetched ","timestamp":"2024-11-01T21:22:36.150Z"}
{"level":"info","message":"Course added: {\"id\":1,\"title\":\"Introduction to Web Development\",\"description\":\"Learn web development fundamentals.\",\"modules\":[]}","timestamp":"2024-11-01T21:22:36.158Z"}
{"level":"info","message":"Course deleted: 1","timestamp":"2024-11-01T21:22:36.162Z"}
{"level":"info","message":"Courses fetched ","timestamp":"2024-11-01T21:22:36.165Z"}
{"level":"info","message":"Course added: {\"id\":1,\"title\":\"Introduction to Web Development\",\"description\":\"Learn web development fundamentals.\",\"modules\":[]}","timestamp":"2024-11-01T21:27:11.507Z"}
{"level":"info","message":"Course added: {\"id\":1,\"title\":\"Introduction to Web Development\",\"description\":\"Learn web development fundamentals.\",\"modules\":[]}","timestamp":"2024-11-01T21:27:11.521Z"}
{"level":"info","message":"Courses fetched ","timestamp":"2024-11-01T21:27:11.522Z"}
{"level":"info","message":"Course added: {\"id\":1,\"title\":\"Introduction to Web Development\",\"description\":\"Learn web development fundamentals.\",\"modules\":[]}","timestamp":"2024-11-01T21:27:11.526Z"}
{"level":"info","message":"Course deleted: 1","timestamp":"2024-11-01T21:27:11.528Z"}
{"level":"info","message":"Courses fetched ","timestamp":"2024-11-01T21:27:11.528Z"}
{"level":"info","message":"Request: POST /courses","timestamp":"2024-11-01T21:27:11.842Z"}
{"level":"info","message":"Request: POST /courses","timestamp":"2024-11-01T21:27:11.854Z"}
{"level":"info","message":"Request: GET /courses","timestamp":"2024-11-01T21:27:11.857Z"}
{"level":"info","message":"Request: POST /courses","timestamp":"2024-11-01T21:27:11.860Z"}
{"level":"info","message":"Request: DELETE /courses/1","timestamp":"2024-11-01T21:27:11.862Z"}
{"level":"info","message":"Course added: {\"id\":1,\"title\":\"Introduction to Web Development\",\"description\":\"Learn web development fundamentals.\",\"modules\":[]}","timestamp":"2024-11-01T21:37:17.390Z"}
{"level":"info","message":"Course added: {\"id\":1,\"title\":\"Introduction to Web Development\",\"description\":\"Learn web development fundamentals.\",\"modules\":[]}","timestamp":"2024-11-01T21:37:17.399Z"}
{"level":"info","message":"Courses fetched ","timestamp":"2024-11-01T21:37:17.400Z"}
{"level":"info","message":"Course added: {\"id\":1,\"title\":\"Introduction to Web Development\",\"description\":\"Learn web development fundamentals.\",\"modules\":[]}","timestamp":"2024-11-01T21:37:17.402Z"}
{"level":"info","message":"Course deleted: 1","timestamp":"2024-11-01T21:37:17.403Z"}
{"level":"info","message":"Courses fetched ","timestamp":"2024-11-01T21:37:17.404Z"}
{"level":"info","message":"Request: POST /courses","timestamp":"2024-11-01T21:37:17.953Z"}
{"level":"info","message":"Request: POST /courses","timestamp":"2024-11-01T21:37:17.965Z"}
{"level":"info","message":"Request: GET /courses","timestamp":"2024-11-01T21:37:17.968Z"}
{"level":"info","message":"Request: POST /courses","timestamp":"2024-11-01T21:37:17.971Z"}
{"level":"info","message":"Request: DELETE /courses/1","timestamp":"2024-11-01T21:37:17.973Z"}
{"level":"info","message":"Course added: {\"id\":1,\"title\":\"Introduction to Web Development\",\"description\":\"Learn web development fundamentals.\",\"modules\":[]}","timestamp":"2024-11-01T21:38:00.719Z"}
{"level":"info","message":"Course added: {\"id\":1,\"title\":\"Introduction to Web Development\",\"description\":\"Learn web development fundamentals.\",\"modules\":[]}","timestamp":"2024-11-01T21:38:00.733Z"}
{"level":"info","message":"Courses fetched ","timestamp":"2024-11-01T21:38:00.734Z"}
{"level":"info","message":"Course added: {\"id\":1,\"title\":\"Introduction to Web Development\",\"description\":\"Learn web development fundamentals.\",\"modules\":[]}","timestamp":"2024-11-01T21:38:00.736Z"}
{"level":"info","message":"Course deleted: 1","timestamp":"2024-11-01T21:38:00.739Z"}
{"level":"info","message":"Courses fetched ","timestamp":"2024-11-01T21:38:00.740Z"}
{"level":"info","message":"Request: POST /courses","timestamp":"2024-11-01T21:38:01.728Z"}
{"level":"info","message":"Request: POST /courses","timestamp":"2024-11-01T21:38:01.738Z"}
{"level":"info","message":"Request: GET /courses","timestamp":"2024-11-01T21:38:01.740Z"}
{"level":"info","message":"Request: POST /courses","timestamp":"2024-11-01T21:38:01.744Z"}
{"level":"info","message":"Request: DELETE /courses/1","timestamp":"2024-11-01T21:38:01.746Z"}
{"level":"info","message":"Request: POST /courses","timestamp":"2024-11-01T21:40:18.516Z"}
{"level":"info","message":"Request: POST /courses","timestamp":"2024-11-01T21:40:18.530Z"}
{"level":"info","message":"Request: GET /courses","timestamp":"2024-11-01T21:40:18.533Z"}
{"level":"info","message":"Request: POST /courses","timestamp":"2024-11-01T21:40:18.537Z"}
{"level":"info","message":"Request: DELETE /courses/1","timestamp":"2024-11-01T21:40:18.539Z"}
{"level":"info","message":"Course added: {\"id\":1,\"title\":\"Introduction to Web Development\",\"description\":\"Learn web development fundamentals.\",\"modules\":[]}","timestamp":"2024-11-01T21:40:18.756Z"}
{"level":"info","message":"Course added: {\"id\":1,\"title\":\"Introduction to Web Development\",\"description\":\"Learn web development fundamentals.\",\"modules\":[]}","timestamp":"2024-11-01T21:40:18.767Z"}
{"level":"info","message":"Courses fetched ","timestamp":"2024-11-01T21:40:18.768Z"}
{"level":"info","message":"Course added: {\"id\":1,\"title\":\"Introduction to Web Development\",\"description\":\"Learn web development fundamentals.\",\"modules\":[]}","timestamp":"2024-11-01T21:40:18.770Z"}
{"level":"info","message":"Course deleted: 1","timestamp":"2024-11-01T21:40:18.771Z"}
{"level":"warn","message":"Course not found for deletion: 1","timestamp":"2024-11-01T21:40:18.771Z"}
